make all --print-data-base --no-builtin-variables --no-builtin-rules --question
# GNU Make 4.2.1
 
# Built for x86_64-pc-linux-gnu
# Copyright (C) 1988-2016 Free Software Foundation, Inc.
# License GPLv3+: GNU GPL version 3 or later <http://gnu.org/licenses/gpl.html>
# This is free software: you are free to change and redistribute it.
# There is NO WARRANTY, to the extent permitted by law.

# Make data base, printed on Sun Aug 28 05:43:56 2022

# Variables

# automatic
<D = $(patsubst %/,%,$(dir $<))
# automatic
?F = $(notdir $?)
# makefile (from 'Makefile', line 65)
.SHELLFLAGS = -ec
# environment
XDG_SESSION_CLASS = user
# environment
VSCODE_AGENT_FOLDER = /root/.vscode-server
# environment
XDG_SESSION_TYPE = tty
# environment
NVM_INC = /root/.nvm/versions/node/v16.16.0/include/node
# automatic
?D = $(patsubst %/,%,$(dir $?))
# automatic
@D = $(patsubst %/,%,$(dir $@))
# automatic
@F = $(notdir $@)
# default
MAKE_VERSION := 4.2.1
# makefile
CURDIR := /root/study2/k8s-operator-sdk
# makefile (from 'Makefile', line 64)
SHELL = /usr/bin/env bash -o pipefail
# environment
VSCODE_NLS_CONFIG = {"locale":"ko","availableLanguages":{}}
# environment
_ = /root/.vscode-server/bin/6d9b74a70ca9c7733b29f0456fd8195364076dda/node
# makefile (from 'Makefile', line 153)
LOCALBIN = $(shell pwd)/bin
# makefile (from 'Makefile', line 1)
MAKEFILE_LIST :=  Makefile
# makefile (from 'Makefile', line 198)
OPM = ./bin/opm
# 'override' directive
GNUMAKEFLAGS := 
# environment
XDG_DATA_DIRS = /usr/local/share:/usr/share:/var/lib/snapd/desktop
# environment
VSCODE_AMD_ENTRYPOINT = vs/workbench/api/node/extensionHostProcess
# environment
DBUS_SESSION_BUS_ADDRESS = unix:path=/run/user/0/bus
# makefile (from 'Makefile', line 6)
VERSION = 0.0.1
# environment
LESSOPEN = | /usr/bin/lesspipe %s
# environment
VSCODE_CWD = /root
# environment
GOPROXY = https://proxy.golang.org,direct
# environment
SSH_CONNECTION = 172.31.10.1 57533 172.31.10.31 22
# environment
PATH = /usr/local/go/bin:/root/.vscode-server/bin/6d9b74a70ca9c7733b29f0456fd8195364076dda/bin/remote-cli:/root/.nvm/versions/node/v16.16.0/bin:/usr/local/sbin:/usr/local/bin:/usr/sbin:/usr/bin:/sbin:/bin:/usr/games:/usr/local/games:/snap/bin
# makefile (from 'Makefile', line 166)
KUSTOMIZE_INSTALL_SCRIPT = "https://raw.githubusercontent.com/kubernetes-sigs/kustomize/master/hack/install_kustomize.sh"
# environment
XDG_RUNTIME_DIR = /run/user/0
# environment
GOPATH = /root/study2/algorithm/go
# environment
NVM_BIN = /root/.nvm/versions/node/v16.16.0/bin
# environment
ELECTRON_RUN_AS_NODE = 1
# environment
VSCODE_IPC_HOOK_CLI = /run/user/0/vscode-ipc-17307551-bdf2-4f85-9e5a-ec65423cb3bf.sock
# environment
KUBECONFIG = /etc/rancher/k3s/k3s.yaml
# default
.FEATURES := target-specific order-only second-expansion else-if shortest-stem undefine oneshell archives jobserver output-sync check-symlink load
# makefile (from 'Makefile', line 159)
CONTROLLER_GEN = $(LOCALBIN)/controller-gen
# environment
LS_COLORS = 
# makefile (from 'Makefile', line 219)
CATALOG_IMG = $(IMAGE_TAG_BASE)-catalog:v$(VERSION)
# automatic
%F = $(notdir $%)
# makefile (from 'Makefile', line 56)
GOBIN = $(shell go env GOPATH)/bin
# makefile (from 'Makefile', line 216)
BUNDLE_IMGS = $(BUNDLE_IMG)
# environment
PWD = /root/study2/k8s-operator-sdk
# default
.LOADED := 
# automatic
*D = $(patsubst %/,%,$(dir $*))
# environment
GOMODCACHE = /root/study2/algorithm/go/pkg/mod
# environment
HOME = /root
# environment
LESSCLOSE = /usr/bin/lesspipe %s %s
# environment
LOGNAME = root
# environment
APPLICATION_INSIGHTS_NO_DIAGNOSTIC_CHANNEL = 1
# environment
NVM_CD_FLAGS = 
# automatic
+F = $(notdir $+)
# environment
VSCODE_HANDLES_UNCAUGHT_ERRORS = true
# automatic
^D = $(patsubst %/,%,$(dir $^))
# environment
MAKELEVEL := 0
# default
MAKE = $(MAKE_COMMAND)
# default
MAKECMDGOALS := all
# environment
SHLVL = 0
# makefile (from 'Makefile', line 39)
BUNDLE_GEN_FLAGS = -q --overwrite --version $(VERSION) $(BUNDLE_METADATA_OPTS)
# environment
XDG_SESSION_ID = 1
# environment
USER = root
# makefile
.DEFAULT_GOAL := all
# environment
GOROOT = /usr/local/go
# automatic
%D = $(patsubst %/,%,$(dir $%))
# makefile (from 'Makefile', line 44)
USE_IMAGE_DIGESTS = false
# default
MAKE_COMMAND := make
# makefile (from 'Makefile', line 158)
KUSTOMIZE = $(LOCALBIN)/kustomize
# default
.VARIABLES := 
# automatic
*F = $(notdir $*)
# makefile (from 'Makefile', line 50)
IMG = controller:latest
# makefile (from 'Makefile', line 25)
BUNDLE_METADATA_OPTS = $(BUNDLE_CHANNELS) $(BUNDLE_DEFAULT_CHANNEL)
# makefile (from 'Makefile', line 164)
CONTROLLER_TOOLS_VERSION = v0.9.0
# makefile
MAKEFLAGS = pqrR
# environment
MFLAGS = -pqrR
# environment
SSH_CLIENT = 172.31.10.1 57533 22
# environment
NVM_DIR = /root/.nvm
# makefile (from 'Makefile', line 163)
KUSTOMIZE_VERSION = v3.8.7
# automatic
+D = $(patsubst %/,%,$(dir $+))
# environment
BROWSER = /root/.vscode-server/bin/6d9b74a70ca9c7733b29f0456fd8195364076dda/bin/helpers/browser.sh
# makefile (from 'Makefile', line 160)
ENVTEST = $(LOCALBIN)/setup-envtest
# environment
VSCODE_HANDLES_SIGPIPE = true
# 'override' directive
.SHELLSTATUS := 1
# default
MAKEFILES := 
# automatic
<F = $(notdir $<)
# makefile (from 'Makefile', line 36)
BUNDLE_IMG = $(IMAGE_TAG_BASE)-bundle:v$(VERSION)
# environment
LC_ALL = C
# automatic
^F = $(notdir $^)
# default
SUFFIXES := 
# default
.INCLUDE_DIRS = /usr/include /usr/local/include /usr/include
# makefile (from 'Makefile', line 32)
IMAGE_TAG_BASE = podprinter.com/podprinter
# default
.RECIPEPREFIX := 
# makefile (from 'Makefile', line 130)
ignore-not-found = false
# default
MAKE_HOST := x86_64-pc-linux-gnu
# environment
LANG = C
# makefile (from 'Makefile', line 52)
ENVTEST_K8S_VERSION = 1.24.1
# environment
MOTD_SHOWN = pam
# variable set hash-table stats:
 
# Load=96/1024=9%, Rehash=0, Collisions=13/216=6%

# Pattern-specific Variable Values

# No pattern-specific variable values.

# Directories

# . (device 64768, inode 368705): 18 files, no impossibilities.

# 18 files, no impossibilities in 1 directories.

# Implicit Rules

# No implicit rules.

# Files

envtest: /root/study2/k8s-operator-sdk/bin/setup-envtest
#  Phony target (prerequisite of .PHONY).
#  Implicit rule search has not been done.
#  File does not exist.
#  File has not been updated.

all: build
#  Phony target (prerequisite of .PHONY).
#  Command line target.
#  Implicit rule search has not been done.
#  File does not exist.
#  File has been updated.
#  Needs to be updated (-q is set).
# variable set hash-table stats:
# Load=0/32=0%, Rehash=0, Collisions=0/8=0%

catalog-push:
#  Phony target (prerequisite of .PHONY).
#  Implicit rule search has not been done.
#  File does not exist.
#  File has not been updated.
#  recipe to execute (from 'Makefile', line 236):
	$(MAKE) docker-push IMG=$(CATALOG_IMG)

docker-build: test
#  Phony target (prerequisite of .PHONY).
#  Implicit rule search has not been done.
#  File does not exist.
#  File has not been updated.
#  recipe to execute (from 'Makefile', line 121):
	docker build -t ${IMG} .

.PHONY: all help manifests generate fmt vet test build run docker-build docker-push install uninstall deploy undeploy kustomize controller-gen envtest bundle bundle-build bundle-push opm catalog-build catalog-push
#  Implicit rule search has not been done.
#  Modification time never checked.
#  File has not been updated.

/root/study2/k8s-operator-sdk/bin/kustomize: /root/study2/k8s-operator-sdk/bin
#  Implicit rule search has not been done.
#  Modification time never checked.
#  File has not been updated.
#  recipe to execute (from 'Makefile', line 170):
	curl -s $(KUSTOMIZE_INSTALL_SCRIPT) | bash -s -- $(subst v,,$(KUSTOMIZE_VERSION)) $(LOCALBIN)

opm:
#  Phony target (prerequisite of .PHONY).
#  Implicit rule search has not been done.
#  File does not exist.
#  File has not been updated.
#  recipe to execute (from 'Makefile', line 202):
	@{ \
	set -e ;\
	mkdir -p $(dir $(OPM)) ;\
	OS=$(shell go env GOOS) && ARCH=$(shell go env GOARCH) && \
	curl -sSLo $(OPM) https://github.com/operator-framework/operator-registry/releases/download/v1.23.0/$${OS}-$${ARCH}-opm ;\
	chmod +x $(OPM) ;\
	}

bundle: manifests kustomize
#  Phony target (prerequisite of .PHONY).
#  Implicit rule search has not been done.
#  File does not exist.
#  File has not been updated.
#  recipe to execute (from 'Makefile', line 184):
	operator-sdk generate kustomize manifests -q
	cd config/manager && $(KUSTOMIZE) edit set image controller=$(IMG)
	$(KUSTOMIZE) build config/manifests | operator-sdk generate bundle $(BUNDLE_GEN_FLAGS)
	operator-sdk bundle validate ./bundle

# Not a target:
.SUFFIXES:
#  Implicit rule search has not been done.
#  Modification time never checked.
#  File has not been updated.

uninstall: manifests kustomize
 
#  Phony target (prerequisite of .PHONY).
#  Implicit rule search has not been done.
#  File does not exist.
#  File has not been updated.
#  recipe to execute (from 'Makefile', line 139):
	$(KUSTOMIZE) build config/crd | kubectl delete --ignore-not-found=$(ignore-not-found) -f -

# Not a target:
Makefile:
#  Implicit rule search has been done.
#  Last modified 2022-08-14 07:54:36.987107468
#  File has been updated.
#  Successfully updated.

test: manifests generate fmt vet envtest
#  Phony target (prerequisite of .PHONY).
 
#  Implicit rule search has not been done.
 
#  File does not exist.
 
#  File has not been updated.
#  recipe to execute (from 'Makefile', line 107):
	KUBEBUILDER_ASSETS="$(shell $(ENVTEST) use $(ENVTEST_K8S_VERSION) -p path)" go test ./... -coverprofile cover.out

bundle-push:
#  Phony target (prerequisite of .PHONY).
#  Implicit rule search has not been done.
#  File does not exist.
#  File has not been updated.
#  recipe to execute (from 'Makefile', line 195):
	$(MAKE) docker-push IMG=$(BUNDLE_IMG)

catalog-build: opm
#  Phony target (prerequisite of .PHONY).
#  Implicit rule search has not been done.
#  File does not exist.
#  File has not been updated.
#  recipe to execute (from 'Makefile', line 231):
	$(OPM) index add --container-tool docker --mode semver --tag $(CATALOG_IMG) --bundles $(BUNDLE_IMGS) $(FROM_INDEX_OPT)

build: generate fmt vet
#  Phony target (prerequisite of .PHONY).
#  Implicit rule search has not been done.
#  File does not exist.
#  File has been updated.
#  Needs to be updated (-q is set).
# variable set hash-table stats:
# Load=0/32=0%, Rehash=0, Collisions=0/8=0%
#  recipe to execute (from 'Makefile', line 113):
	go build -o bin/manager main.go

vet:
#  Phony target (prerequisite of .PHONY).
#  Implicit rule search has not been done.
#  File does not exist.
#  File has not been updated.
#  recipe to execute (from 'Makefile', line 103):
	go vet ./...

/root/study2/k8s-operator-sdk/bin/setup-envtest: /root/study2/k8s-operator-sdk/bin
#  Implicit rule search has not been done.
#  Modification time never checked.
#  File has not been updated.
#  recipe to execute (from 'Makefile', line 180):
	GOBIN=$(LOCALBIN) go install sigs.k8s.io/controller-runtime/tools/setup-envtest@latest

help:
#  Phony target (prerequisite of .PHONY).
#  Implicit rule search has not been done.
#  File does not exist.
#  File has not been updated.
#  recipe to execute (from 'Makefile', line 85):
	@awk 'BEGIN {FS = ":.*##"; printf "\nUsage:\n  make \033[36m<target>\033[0m\n"} /^[a-zA-Z_0-9-]+:.*?##/ { printf "  \033[36m%-15s\033[0m %s\n", $$1, $$2 } /^##@/ { printf "\n\033[1m%s\033[0m\n", substr($$0, 5) } ' $(MAKEFILE_LIST)

kustomize: /root/study2/k8s-operator-sdk/bin/kustomize
#  Phony target (prerequisite of .PHONY).
#  Implicit rule search has not been done.
#  File does not exist.
#  File has not been updated.

generate: controller-gen
#  Phony target (prerequisite of .PHONY).
#  Implicit rule search has not been done.
#  File does not exist.
#  File has been updated.
#  Needs to be updated (-q is set).
# variable set hash-table stats:
# Load=0/32=0%, Rehash=0, Collisions=0/8=0%
#  recipe to execute (from 'Makefile', line 95):
	$(CONTROLLER_GEN) object:headerFile="hack/boilerplate.go.txt" paths="./..."

undeploy:
#  Phony target (prerequisite of .PHONY).
#  Implicit rule search has not been done.
#  File does not exist.
#  File has not been updated.
#  recipe to execute (from 'Makefile', line 148):
	$(KUSTOMIZE) build config/default | kubectl delete --ignore-not-found=$(ignore-not-found) -f -

manifests: controller-gen
#  Phony target (prerequisite of .PHONY).
#  Implicit rule search has not been done.
#  File does not exist.
#  File has not been updated.
#  recipe to execute (from 'Makefile', line 91):
	$(CONTROLLER_GEN) rbac:roleName=manager-role crd webhook paths="./..." output:crd:artifacts:config=config/crd/bases

# Not a target:
.DEFAULT:
#  Implicit rule search has not been done.
#  Modification time never checked.
#  File has not been updated.

run: manifests generate fmt vet
#  Phony target (prerequisite of .PHONY).
#  Implicit rule search has not been done.
#  File does not exist.
#  File has not been updated.
#  recipe to execute (from 'Makefile', line 117):
	go run ./main.go

bundle-build:
#  Phony target (prerequisite of .PHONY).
#  Implicit rule search has not been done.
#  File does not exist.
#  File has not been updated.
#  recipe to execute (from 'Makefile', line 191):
	docker build -f bundle.Dockerfile -t $(BUNDLE_IMG) .

/root/study2/k8s-operator-sdk/bin:
#  Implicit rule search has not been done.
#  Last modified 2022-08-14 07:58:43.583136593
#  File has been updated.
#  Successfully updated.
#  recipe to execute (from 'Makefile', line 155):
	mkdir -p $(LOCALBIN)

fmt:
#  Phony target (prerequisite of .PHONY).
#  Implicit rule search has not been done.
#  File does not exist.
#  File has not been updated.
#  recipe to execute (from 'Makefile', line 99):
	go fmt ./...

deploy: manifests kustomize
#  Phony target (prerequisite of .PHONY).
#  Implicit rule search has not been done.
#  File does not exist.
#  File has not been updated.
#  recipe to execute (from 'Makefile', line 143):
	cd config/manager && $(KUSTOMIZE) edit set image controller=${IMG}
	$(KUSTOMIZE) build config/default | kubectl apply -f -

controller-gen: /root/study2/k8s-operator-sdk/bin/controller-gen
#  Phony target (prerequisite of .PHONY).
#  Implicit rule search has not been done.
#  File does not exist.
#  File has been updated.
#  Needs to be updated (-q is set).
# variable set hash-table stats:
# Load=0/32=0%, Rehash=0, Collisions=0/8=0%

docker-push:
#  Phony target (prerequisite of .PHONY).
#  Implicit rule search has not been done.
#  File does not exist.
#  File has not been updated.
#  recipe to execute (from 'Makefile', line 125):
	docker push ${IMG}

# 'override' directive
/root/study2/k8s-operator-sdk/bin/controller-gen: .SHELLSTATUS := 0
/root/study2/k8s-operator-sdk/bin/controller-gen: /root/study2/k8s-operator-sdk/bin
#  Implicit rule search has not been done.
#  Implicit/static pattern stem: ''
#  Last modified 2022-08-14 07:57:57.686391974
#  File has been updated.
#  Needs to be updated (-q is set).
# automatic
# @ := /root/study2/k8s-operator-sdk/bin/controller-gen
# automatic
# % := 
# automatic
# * := 
# automatic
# + := /root/study2/k8s-operator-sdk/bin
# automatic
# | := 
# automatic
# < := /root/study2/k8s-operator-sdk/bin
# automatic
# ^ := /root/study2/k8s-operator-sdk/bin
# automatic
# ? := /root/study2/k8s-operator-sdk/bin
# variable set hash-table stats:
# Load=9/32=28%, Rehash=0, Collisions=4/17=24%
#  recipe to execute (from 'Makefile', line 175):
	GOBIN=$(LOCALBIN) go install sigs.k8s.io/controller-tools/cmd/controller-gen@$(CONTROLLER_TOOLS_VERSION)

install: manifests kustomize
#  Phony target (prerequisite of .PHONY).
#  Implicit rule search has not been done.
#  File does not exist.
#  File has not been updated.
#  recipe to execute (from 'Makefile', line 135):
	$(KUSTOMIZE) build config/crd | kubectl apply -f -

# files hash-table stats:
# Load=32/1024=3%, Rehash=0, Collisions=6/148=4%
# VPATH Search Paths

# No 'vpath' search paths.

# No general ('VPATH' variable) search path.

# strcache buffers: 1 (0) / strings = 51 / storage = 574 B / avg = 11 B
# current buf: size = 8162 B / used = 574 B / count = 51 / avg = 11 B

# strcache performance: lookups = 187 / hit rate = 72%
# hash-table stats:
# Load=51/8192=1%, Rehash=0, Collisions=4/187=2%
 
# Finished Make data base on Sun Aug 28 05:43:56 2022

 
